<?xml version="1.0" encoding="UTF-8"?>
<testng-results skipped="0" failed="0" total="1" passed="1">
  <reporter-output>
  </reporter-output>
  <suite name="Default suite" duration-ms="173066" started-at="2016-12-16T12:27:13Z" finished-at="2016-12-16T12:30:06Z">
    <groups>
    </groups>
    <test name="Default test" duration-ms="173066" started-at="2016-12-16T12:27:13Z" finished-at="2016-12-16T12:30:06Z">
      <class name="DEWA.AddDeviceComplete">
        <test-method status="PASS" signature="f()[pri:0, instance:DEWA.AddDeviceComplete@c7c2a6]" name="f" duration-ms="172998" started-at="2016-12-16T14:27:13Z" finished-at="2016-12-16T14:30:06Z">
          <reporter-output>
          </reporter-output>
        </test-method> <!-- f -->
      </class> <!-- DEWA.AddDeviceComplete -->
    </test> <!-- Default test -->
  </suite> <!-- Default suite -->
</testng-results>
